<component name="libraryTable">
  <library name="junit-4.11">
    <CLASSES>
      <root url="jar://$PROJECT_DIR$/libs/junit-4.11.jar!/" />
      <root url="jar://$PROJECT_DIR$/libs/hamcrest-core-1.3.jar!/" />
      <root url="jar://$PROJECT_DIR$/libs/hamcrest-library-1.3.jar!/" />
    </CLASSES>
    <JAVADOC />
    <SOURCES />
  </library>
</component>